<?xml version="1.0" encoding="UTF-8"?>
<!-- Generated by org.testng.reporters.JUnitReportReporter -->
<testsuite hostname="DESKTOP-RP6MG63" failures="0" tests="3" name="testcases.TC_04Loginnegativecases" time="73.941" errors="0" timestamp="2024-03-26T01:46:58 IST" skipped="0">
  <testcase classname="testcases.TC_04Loginnegativecases" name="Loginpage" time="26.899">
    <system-out>
      <![CDATA[Welcome to loginpage]]>
    </system-out>
  </testcase> <!-- Loginpage -->
  <testcase classname="testcases.TC_04Loginnegativecases" name="Loginpage" time="23.262">
    <system-out>
      <![CDATA[Welcome to loginpage]]>
    </system-out>
  </testcase> <!-- Loginpage -->
  <testcase classname="testcases.TC_04Loginnegativecases" name="Loginpage" time="23.780">
    <system-out>
      <![CDATA[Welcome to loginpage]]>
    </system-out>
  </testcase> <!-- Loginpage -->
  <system-out>
    <![CDATA[Welcome to loginpage
Welcome to loginpage
Welcome to loginpage
Welcome to loginpage]]>
  </system-out>
</testsuite> <!-- testcases.TC_04Loginnegativecases -->
