<?xml version="1.0" encoding="UTF-8"?>
<!-- Generated by org.testng.reporters.JUnitReportReporter -->
<testsuite hostname="DESKTOP-RP6MG63" failures="0" tests="6" name="testcases.TC_05_Bottomlinktest" time="67.825" errors="0" timestamp="2024-03-26T01:46:58 IST" skipped="0">
  <testcase classname="testcases.TC_05_Bottomlinktest" name="verify_reward_membership_details" time="11.311"/>
  <testcase classname="testcases.TC_05_Bottomlinktest" name="verify_support_service_details" time="9.871"/>
  <testcase classname="testcases.TC_05_Bottomlinktest" name="verify_patnership_details" time="9.999"/>
  <testcase classname="testcases.TC_05_Bottomlinktest" name="verify_payment_details" time="10.949"/>
  <testcase classname="testcases.TC_05_Bottomlinktest" name="verify_BestBuy_details" time="10.781"/>
  <testcase classname="testcases.TC_05_Bottomlinktest" name="verify_order_purchase_menuitems" time="14.914"/>
  <system-out>
    <![CDATA[Welcome to loginpage
Welcome to loginpage
Welcome to loginpage
Welcome to loginpage]]>
  </system-out>
</testsuite> <!-- testcases.TC_05_Bottomlinktest -->
